Added Component: Designator=C1(TAJ-A)
Added Component: Designator=C2(C0805)
Add component (AddParameter): Name = "LatestRevisionDate"; Value = "17-Jul-2002"; VariantName = "[No Variations]"
Add component (AddParameter): Name = "LatestRevisionNote"; Value = "Re-released for DXP Platform."; VariantName = "[No Variations]"
Add component (AddParameter): Name = "PackageDescription"; Value = "Radial Cap, Thru-Hole; 2 Leads; 0.3 in Pin Spacing"; VariantName = "[No Variations]"
Add component (AddParameter): Name = "PackageReference"; Value = "RAD-0.3"; VariantName = "[No Variations]"
Add component (AddParameter): Name = "Published"; Value = "8-Jun-2000"; VariantName = "[No Variations]"
Add component (AddParameter): Name = "Publisher"; Value = "Altium Limited"; VariantName = "[No Variations]"
Add component (AddParameter): Name = "UnitPrice"; Value = "0.02"; VariantName = "[No Variations]"
Added Component: Designator=C3(C0805)
Add component (AddParameter): Name = "LatestRevisionDate"; Value = "17-Jul-2002"; VariantName = "[No Variations]"
Add component (AddParameter): Name = "LatestRevisionNote"; Value = "Re-released for DXP Platform."; VariantName = "[No Variations]"
Add component (AddParameter): Name = "PackageDescription"; Value = "Radial Cap, Thru-Hole; 2 Leads; 0.3 in Pin Spacing"; VariantName = "[No Variations]"
Add component (AddParameter): Name = "PackageReference"; Value = "RAD-0.3"; VariantName = "[No Variations]"
Add component (AddParameter): Name = "Published"; Value = "8-Jun-2000"; VariantName = "[No Variations]"
Add component (AddParameter): Name = "Publisher"; Value = "Altium Limited"; VariantName = "[No Variations]"
Add component (AddParameter): Name = "UnitPrice"; Value = "0.02"; VariantName = "[No Variations]"
Added Component: Designator=C4(TAJ-A)
Added Component: Designator=C5(C0805)
Add component (AddParameter): Name = "LatestRevisionDate"; Value = "17-Jul-2002"; VariantName = "[No Variations]"
Add component (AddParameter): Name = "LatestRevisionNote"; Value = "Re-released for DXP Platform."; VariantName = "[No Variations]"
Add component (AddParameter): Name = "PackageDescription"; Value = "Radial Cap, Thru-Hole; 2 Leads; 0.3 in Pin Spacing"; VariantName = "[No Variations]"
Add component (AddParameter): Name = "PackageReference"; Value = "RAD-0.3"; VariantName = "[No Variations]"
Add component (AddParameter): Name = "Published"; Value = "8-Jun-2000"; VariantName = "[No Variations]"
Add component (AddParameter): Name = "Publisher"; Value = "Altium Limited"; VariantName = "[No Variations]"
Add component (AddParameter): Name = "UnitPrice"; Value = "0.02"; VariantName = "[No Variations]"
Added Component: Designator=C6(C0805)
Add component (AddParameter): Name = "LatestRevisionDate"; Value = "17-Jul-2002"; VariantName = "[No Variations]"
Add component (AddParameter): Name = "LatestRevisionNote"; Value = "Re-released for DXP Platform."; VariantName = "[No Variations]"
Add component (AddParameter): Name = "PackageDescription"; Value = "Radial Cap, Thru-Hole; 2 Leads; 0.3 in Pin Spacing"; VariantName = "[No Variations]"
Add component (AddParameter): Name = "PackageReference"; Value = "RAD-0.3"; VariantName = "[No Variations]"
Add component (AddParameter): Name = "Published"; Value = "8-Jun-2000"; VariantName = "[No Variations]"
Add component (AddParameter): Name = "Publisher"; Value = "Altium Limited"; VariantName = "[No Variations]"
Add component (AddParameter): Name = "UnitPrice"; Value = "0.02"; VariantName = "[No Variations]"
Added Component: Designator=C7(C0805)
Add component (AddParameter): Name = "LatestRevisionDate"; Value = "17-Jul-2002"; VariantName = "[No Variations]"
Add component (AddParameter): Name = "LatestRevisionNote"; Value = "Re-released for DXP Platform."; VariantName = "[No Variations]"
Add component (AddParameter): Name = "PackageDescription"; Value = "Radial Cap, Thru-Hole; 2 Leads; 0.3 in Pin Spacing"; VariantName = "[No Variations]"
Add component (AddParameter): Name = "PackageReference"; Value = "RAD-0.3"; VariantName = "[No Variations]"
Add component (AddParameter): Name = "Published"; Value = "8-Jun-2000"; VariantName = "[No Variations]"
Add component (AddParameter): Name = "Publisher"; Value = "Altium Limited"; VariantName = "[No Variations]"
Add component (AddParameter): Name = "UnitPrice"; Value = "0.02"; VariantName = "[No Variations]"
Added Component: Designator=C8(C0805)
Add component (AddParameter): Name = "LatestRevisionDate"; Value = "17-Jul-2002"; VariantName = "[No Variations]"
Add component (AddParameter): Name = "LatestRevisionNote"; Value = "Re-released for DXP Platform."; VariantName = "[No Variations]"
Add component (AddParameter): Name = "PackageDescription"; Value = "Radial Cap, Thru-Hole; 2 Leads; 0.3 in Pin Spacing"; VariantName = "[No Variations]"
Add component (AddParameter): Name = "PackageReference"; Value = "RAD-0.3"; VariantName = "[No Variations]"
Add component (AddParameter): Name = "Published"; Value = "8-Jun-2000"; VariantName = "[No Variations]"
Add component (AddParameter): Name = "Publisher"; Value = "Altium Limited"; VariantName = "[No Variations]"
Add component (AddParameter): Name = "UnitPrice"; Value = "0.02"; VariantName = "[No Variations]"
Added Component: Designator=CON1(CONN-SMD_6P-P1.25_HC-1.25-6PWT)
Add component (AddParameter): Name = "Add into BOM"; Value = "yes"; VariantName = "[No Variations]"
Add component (AddParameter): Name = "Contact Material"; Value = "黄铜"; VariantName = "[No Variations]"
Add component (AddParameter): Name = "Contact Plating"; Value = "锡"; VariantName = "[No Variations]"
Add component (AddParameter): Name = "Convert to PCB"; Value = "yes"; VariantName = "[No Variations]"
Add component (AddParameter): Name = "Current Rating (Max)"; Value = "2A"; VariantName = "[No Variations]"
Add component (AddParameter): Name = "Datasheet"; Value = "https://atta.szlcsc.com/upload/public/pdf/source/20230707/D26CCCA63A4ED0B68E63A615510D7FF9.pdf"; VariantName = "[No Variations]"
Add component (AddParameter): Name = "Device"; Value = "HC-1.25-6PWT"; VariantName = "[No Variations]"
Add component (AddParameter): Name = "JLCPCB Part Class"; Value = "Extended Part"; VariantName = "[No Variations]"
Add component (AddParameter): Name = "LCSC Part Name"; Value = "1x6P 间距:1.25mm 卧贴"; VariantName = "[No Variations]"
Add component (AddParameter): Name = "Manufacturer"; Value = "HCTL(华灿天禄)"; VariantName = "[No Variations]"
Add component (AddParameter): Name = "Manufacturer Part"; Value = "HC-1.25-6PWT"; VariantName = "[No Variations]"
Add component (AddParameter): Name = "Mounting Style"; Value = "卧贴"; VariantName = "[No Variations]"
Add component (AddParameter): Name = "Number of Pins"; Value = "6P"; VariantName = "[No Variations]"
Add component (AddParameter): Name = "Number of PINs Per Row"; Value = "6"; VariantName = "[No Variations]"
Add component (AddParameter): Name = "Number of Rows"; Value = "1"; VariantName = "[No Variations]"
Add component (AddParameter): Name = "Operating Temperature Range"; Value = "-25℃~+85℃"; VariantName = "[No Variations]"
Add component (AddParameter): Name = "Pins Structure"; Value = "1x6P"; VariantName = "[No Variations]"
Add component (AddParameter): Name = "Pitch"; Value = "1.25mm"; VariantName = "[No Variations]"
Add component (AddParameter): Name = "Reference Series"; Value = "-"; VariantName = "[No Variations]"
Add component (AddParameter): Name = "Row Spacing"; Value = "-"; VariantName = "[No Variations]"
Add component (AddParameter): Name = "Supplier"; Value = "LCSC"; VariantName = "[No Variations]"
Add component (AddParameter): Name = "Supplier Footprint"; Value = "SMD,P=1.25mm,卧贴"; VariantName = "[No Variations]"
Add component (AddParameter): Name = "Supplier Part"; Value = "C2845383"; VariantName = "[No Variations]"
Add component (AddParameter): Name = "Symbol"; Value = "HC-1.25-6PWT"; VariantName = "[No Variations]"
Added Component: Designator=J1(HDR-TH_2P-P2.54-V-M)
Add component (AddParameter): Name = "LatestRevisionDate"; Value = "17-Jul-2002"; VariantName = "[No Variations]"
Add component (AddParameter): Name = "LatestRevisionNote"; Value = "Re-released for DXP Platform."; VariantName = "[No Variations]"
Add component (AddParameter): Name = "Publisher"; Value = "Altium Limited"; VariantName = "[No Variations]"
Added Component: Designator=J2(HDR-TH_2P-P2.54-V-M)
Add component (AddParameter): Name = "LatestRevisionDate"; Value = "17-Jul-2002"; VariantName = "[No Variations]"
Add component (AddParameter): Name = "LatestRevisionNote"; Value = "Re-released for DXP Platform."; VariantName = "[No Variations]"
Add component (AddParameter): Name = "Publisher"; Value = "Altium Limited"; VariantName = "[No Variations]"
Added Component: Designator=J3(HDR-TH_5P-P2.54-V-M)
Add component (AddParameter): Name = "Add into BOM"; Value = "yes"; VariantName = "[No Variations]"
Add component (AddParameter): Name = "Circluar Pins/Square Pins"; Value = "方针"; VariantName = "[No Variations]"
Add component (AddParameter): Name = "Color"; Value = "黑色"; VariantName = "[No Variations]"
Add component (AddParameter): Name = "Contact Material"; Value = "黄铜"; VariantName = "[No Variations]"
Add component (AddParameter): Name = "Contact Plating"; Value = "-"; VariantName = "[No Variations]"
Add component (AddParameter): Name = "Convert to PCB"; Value = "yes"; VariantName = "[No Variations]"
Add component (AddParameter): Name = "Current Rating (Max)"; Value = "-"; VariantName = "[No Variations]"
Add component (AddParameter): Name = "Datasheet"; Value = "https://atta.szlcsc.com/upload/public/pdf/source/20200309/C492404_E51533260F8710EFF5D4617281164C1D.pdf"; VariantName = "[No Variations]"
Add component (AddParameter): Name = "Device"; Value = "PZ254V-11-05P"; VariantName = "[No Variations]"
Add component (AddParameter): Name = "Insulation Height"; Value = "2.5mm"; VariantName = "[No Variations]"
Add component (AddParameter): Name = "JLCPCB Part Class"; Value = "Extended Part"; VariantName = "[No Variations]"
Add component (AddParameter): Name = "LCSC Part Name"; Value = "间距:2.54mm 1x5P 直插 方针"; VariantName = "[No Variations]"
Add component (AddParameter): Name = "Length of End Connection Pin"; Value = "3mm"; VariantName = "[No Variations]"
Add component (AddParameter): Name = "Length of Mating Pin"; Value = "6mm"; VariantName = "[No Variations]"
Add component (AddParameter): Name = "Manufacturer"; Value = "XFCN(兴飞)"; VariantName = "[No Variations]"
Add component (AddParameter): Name = "Manufacturer Part"; Value = "PZ254V-11-05P"; VariantName = "[No Variations]"
Add component (AddParameter): Name = "Mounting Type"; Value = "直插"; VariantName = "[No Variations]"
Add component (AddParameter): Name = "Number of Pins"; Value = "5P"; VariantName = "[No Variations]"
Add component (AddParameter): Name = "Number of Rows"; Value = "单排"; VariantName = "[No Variations]"
Add component (AddParameter): Name = "Operating Temperature Range"; Value = "-40℃~+105℃"; VariantName = "[No Variations]"
Add component (AddParameter): Name = "Pin Structure"; Value = "1x5P"; VariantName = "[No Variations]"
Add component (AddParameter): Name = "Pitch"; Value = "2.54mm"; VariantName = "[No Variations]"
Add component (AddParameter): Name = "Row Spacing"; Value = "-"; VariantName = "[No Variations]"
Add component (AddParameter): Name = "Supplier"; Value = "LCSC"; VariantName = "[No Variations]"
Add component (AddParameter): Name = "Supplier Footprint"; Value = "插件,P=2.54mm"; VariantName = "[No Variations]"
Add component (AddParameter): Name = "Supplier Part"; Value = "C492404"; VariantName = "[No Variations]"
Add component (AddParameter): Name = "Symbol"; Value = "PZ254V-11-05P"; VariantName = "[No Variations]"
Add component (AddParameter): Name = "Voltage Rating (Max)"; Value = "-"; VariantName = "[No Variations]"
Added Component: Designator=LED1(LED0805-R-RD)
Add component (AddParameter): Name = "Add into BOM"; Value = "yes"; VariantName = "[No Variations]"
Add component (AddParameter): Name = "Color Temperature"; Value = "-"; VariantName = "[No Variations]"
Add component (AddParameter): Name = "Convert to PCB"; Value = "yes"; VariantName = "[No Variations]"
Add component (AddParameter): Name = "Datasheet"; Value = "https://atta.szlcsc.com/upload/public/pdf/source/20200820/C84256_F0A75A43B3EAD75808600A0514C76B99.pdf"; VariantName = "[No Variations]"
Add component (AddParameter): Name = "Device"; Value = "NCD0805R1"; VariantName = "[No Variations]"
Add component (AddParameter): Name = "Diode Configuration"; Value = "独立二极管"; VariantName = "[No Variations]"
Add component (AddParameter): Name = "Dominant Wavelength"; Value = "615nm~630nm"; VariantName = "[No Variations]"
Add component (AddParameter): Name = "Emitted Color"; Value = "红色"; VariantName = "[No Variations]"
Add component (AddParameter): Name = "Forward Current"; Value = "20mA"; VariantName = "[No Variations]"
Add component (AddParameter): Name = "Forward Voltage (VF)"; Value = "1.6V~2.6V"; VariantName = "[No Variations]"
Add component (AddParameter): Name = "JLCPCB Part Class"; Value = "Basic Part"; VariantName = "[No Variations]"
Add component (AddParameter): Name = "Lamp Holder Type"; Value = "-"; VariantName = "[No Variations]"
Add component (AddParameter): Name = "LCSC Part Name"; Value = "NCD0805R1"; VariantName = "[No Variations]"
Add component (AddParameter): Name = "Lens Color"; Value = "无色透明透镜"; VariantName = "[No Variations]"
Add component (AddParameter): Name = "Luminous Intensity"; Value = "67mcd~195mcd"; VariantName = "[No Variations]"
Add component (AddParameter): Name = "Manufacturer"; Value = "国星光电"; VariantName = "[No Variations]"
Add component (AddParameter): Name = "Manufacturer Part"; Value = "NCD0805R1"; VariantName = "[No Variations]"
Add component (AddParameter): Name = "Mounting Sytle"; Value = "-"; VariantName = "[No Variations]"
Add component (AddParameter): Name = "Operating Temperature"; Value = "-30℃~+85℃"; VariantName = "[No Variations]"
Add component (AddParameter): Name = "Peak Wavelength"; Value = "-"; VariantName = "[No Variations]"
Add component (AddParameter): Name = "Power Dissipation"; Value = "65mW"; VariantName = "[No Variations]"
Add component (AddParameter): Name = "Supplier"; Value = "LCSC"; VariantName = "[No Variations]"
Add component (AddParameter): Name = "Supplier Footprint"; Value = "0805"; VariantName = "[No Variations]"
Add component (AddParameter): Name = "Supplier Part"; Value = "C84256"; VariantName = "[No Variations]"
Add component (AddParameter): Name = "Symbol"; Value = "FC-2012HRK-620D"; VariantName = "[No Variations]"
Add component (AddParameter): Name = "Viewing Angle"; Value = "130°"; VariantName = "[No Variations]"
Added Component: Designator=R1(R0805)
Add component (AddParameter): Name = "LatestRevisionDate"; Value = "17-Jul-2002"; VariantName = "[No Variations]"
Add component (AddParameter): Name = "LatestRevisionNote"; Value = "Re-released for DXP Platform."; VariantName = "[No Variations]"
Add component (AddParameter): Name = "PackageDescription"; Value = "Axial Device, Thru-Hole; 2 Leads; 0.3 in Pin Spacing"; VariantName = "[No Variations]"
Add component (AddParameter): Name = "PackageReference"; Value = "AXIAL-0.3"; VariantName = "[No Variations]"
Add component (AddParameter): Name = "Published"; Value = "8-Jun-2000"; VariantName = "[No Variations]"
Add component (AddParameter): Name = "Publisher"; Value = "Altium Limited"; VariantName = "[No Variations]"
Added Component: Designator=R2(R0805)
Add component (AddParameter): Name = "LatestRevisionDate"; Value = "17-Jul-2002"; VariantName = "[No Variations]"
Add component (AddParameter): Name = "LatestRevisionNote"; Value = "Re-released for DXP Platform."; VariantName = "[No Variations]"
Add component (AddParameter): Name = "PackageDescription"; Value = "Axial Device, Thru-Hole; 2 Leads; 0.3 in Pin Spacing"; VariantName = "[No Variations]"
Add component (AddParameter): Name = "PackageReference"; Value = "AXIAL-0.3"; VariantName = "[No Variations]"
Add component (AddParameter): Name = "Published"; Value = "8-Jun-2000"; VariantName = "[No Variations]"
Add component (AddParameter): Name = "Publisher"; Value = "Altium Limited"; VariantName = "[No Variations]"
Added Component: Designator=R3(R0805)
Add component (AddParameter): Name = "LatestRevisionDate"; Value = "17-Jul-2002"; VariantName = "[No Variations]"
Add component (AddParameter): Name = "LatestRevisionNote"; Value = "Re-released for DXP Platform."; VariantName = "[No Variations]"
Add component (AddParameter): Name = "PackageDescription"; Value = "Axial Device, Thru-Hole; 2 Leads; 0.3 in Pin Spacing"; VariantName = "[No Variations]"
Add component (AddParameter): Name = "PackageReference"; Value = "AXIAL-0.3"; VariantName = "[No Variations]"
Add component (AddParameter): Name = "Published"; Value = "8-Jun-2000"; VariantName = "[No Variations]"
Add component (AddParameter): Name = "Publisher"; Value = "Altium Limited"; VariantName = "[No Variations]"
Added Component: Designator=R4(R0805)
Add component (AddParameter): Name = "LatestRevisionDate"; Value = "17-Jul-2002"; VariantName = "[No Variations]"
Add component (AddParameter): Name = "LatestRevisionNote"; Value = "Re-released for DXP Platform."; VariantName = "[No Variations]"
Add component (AddParameter): Name = "PackageDescription"; Value = "Axial Device, Thru-Hole; 2 Leads; 0.3 in Pin Spacing"; VariantName = "[No Variations]"
Add component (AddParameter): Name = "PackageReference"; Value = "AXIAL-0.3"; VariantName = "[No Variations]"
Add component (AddParameter): Name = "Published"; Value = "8-Jun-2000"; VariantName = "[No Variations]"
Add component (AddParameter): Name = "Publisher"; Value = "Altium Limited"; VariantName = "[No Variations]"
Added Component: Designator=R5(R0805)
Add component (AddParameter): Name = "LatestRevisionDate"; Value = "17-Jul-2002"; VariantName = "[No Variations]"
Add component (AddParameter): Name = "LatestRevisionNote"; Value = "Re-released for DXP Platform."; VariantName = "[No Variations]"
Add component (AddParameter): Name = "PackageDescription"; Value = "Axial Device, Thru-Hole; 2 Leads; 0.3 in Pin Spacing"; VariantName = "[No Variations]"
Add component (AddParameter): Name = "PackageReference"; Value = "AXIAL-0.3"; VariantName = "[No Variations]"
Add component (AddParameter): Name = "Published"; Value = "8-Jun-2000"; VariantName = "[No Variations]"
Add component (AddParameter): Name = "Publisher"; Value = "Altium Limited"; VariantName = "[No Variations]"
Added Component: Designator=U1(AMS1117-SOT-223-4)
Add component (AddParameter): Name = "Add into BOM"; Value = "yes"; VariantName = "[No Variations]"
Add component (AddParameter): Name = "Convert to PCB"; Value = "yes"; VariantName = "[No Variations]"
Add component (AddParameter): Name = "Datasheet"; Value = "https://atta.szlcsc.com/upload/public/pdf/source/20231109/155D79A26D9DB04352555A58D5969DC8.pdf"; VariantName = "[No Variations]"
Add component (AddParameter): Name = "Device"; Value = "AMS1117-3.3_C347222"; VariantName = "[No Variations]"
Add component (AddParameter): Name = "Dropout Voltage"; Value = "1.3V@(1A)"; VariantName = "[No Variations]"
Add component (AddParameter): Name = "Feature"; Value = "-"; VariantName = "[No Variations]"
Add component (AddParameter): Name = "JLCPCB Part Class"; Value = "Extended Part"; VariantName = "[No Variations]"
Add component (AddParameter): Name = "LCSC Part Name"; Value = "输出:3.3V 电流:1A 耐压:12V"; VariantName = "[No Variations]"
Add component (AddParameter): Name = "Manufacturer"; Value = "UMW(友台半导体)"; VariantName = "[No Variations]"
Add component (AddParameter): Name = "Manufacturer Part"; Value = "AMS1117-3.3"; VariantName = "[No Variations]"
Add component (AddParameter): Name = "MAX Output Current"; Value = "1A"; VariantName = "[No Variations]"
Add component (AddParameter): Name = "Maximum Input Voltage"; Value = "12V"; VariantName = "[No Variations]"
Add component (AddParameter): Name = "Noise"; Value = "-"; VariantName = "[No Variations]"
Add component (AddParameter): Name = "Number of Outputs"; Value = "1"; VariantName = "[No Variations]"
Add component (AddParameter): Name = "Operating Temperature"; Value = "-"; VariantName = "[No Variations]"
Add component (AddParameter): Name = "Output Polarity"; Value = "正极"; VariantName = "[No Variations]"
Add component (AddParameter): Name = "Output Type"; Value = "固定"; VariantName = "[No Variations]"
Add component (AddParameter): Name = "Output Voltage"; Value = "3.3V"; VariantName = "[No Variations]"
Add component (AddParameter): Name = "Power Supply Rejection Ratio (PSRR)"; Value = "60dB@(120Hz)"; VariantName = "[No Variations]"
Add component (AddParameter): Name = "standby current"; Value = "-"; VariantName = "[No Variations]"
Add component (AddParameter): Name = "Supplier"; Value = "LCSC"; VariantName = "[No Variations]"
Add component (AddParameter): Name = "Supplier Footprint"; Value = "SOT-223"; VariantName = "[No Variations]"
Add component (AddParameter): Name = "Supplier Part"; Value = "C347222"; VariantName = "[No Variations]"
Add component (AddParameter): Name = "Symbol"; Value = "AMS1117-3.3_C347222"; VariantName = "[No Variations]"
Added Component: Designator=U2(WIRELM-SMD_ESP-07S)
Add component (AddParameter): Name = "Add into BOM"; Value = "yes"; VariantName = "[No Variations]"
Add component (AddParameter): Name = "Antenna Type"; Value = "板载PCB天线"; VariantName = "[No Variations]"
Add component (AddParameter): Name = "Convert to PCB"; Value = "yes"; VariantName = "[No Variations]"
Add component (AddParameter): Name = "Core Processor"; Value = "ESP8266芯片"; VariantName = "[No Variations]"
Add component (AddParameter): Name = "Datasheet"; Value = "https://atta.szlcsc.com/upload/public/pdf/source/20161024/1477288471743.pdf"; VariantName = "[No Variations]"
Add component (AddParameter): Name = "Device"; Value = "ESP-07S_C82895"; VariantName = "[No Variations]"
Add component (AddParameter): Name = "JLCPCB Part Class"; Value = "Extended Part"; VariantName = "[No Variations]"
Add component (AddParameter): Name = "LCSC Part Name"; Value = "802.11b/g/n模块"; VariantName = "[No Variations]"
Add component (AddParameter): Name = "Manufacturer"; Value = "Ai-Thinker(安信可)"; VariantName = "[No Variations]"
Add component (AddParameter): Name = "Manufacturer Part"; Value = "ESP-07S"; VariantName = "[No Variations]"
Add component (AddParameter): Name = "Operating Temperature"; Value = "-40℃~+125℃"; VariantName = "[No Variations]"
Add component (AddParameter): Name = "Operating Voltage"; Value = "3.3V"; VariantName = "[No Variations]"
Add component (AddParameter): Name = "Output Power"; Value = "19.5dBm"; VariantName = "[No Variations]"
Add component (AddParameter): Name = "Receive  Current"; Value = "-"; VariantName = "[No Variations]"
Add component (AddParameter): Name = "Send  Current"; Value = "-"; VariantName = "[No Variations]"
Add component (AddParameter): Name = "Sensitivity"; Value = "-98dBm"; VariantName = "[No Variations]"
Add component (AddParameter): Name = "Supplier"; Value = "LCSC"; VariantName = "[No Variations]"
Add component (AddParameter): Name = "Supplier Footprint"; Value = "SMD,16x17mm"; VariantName = "[No Variations]"
Add component (AddParameter): Name = "Supplier Part"; Value = "C82895"; VariantName = "[No Variations]"
Add component (AddParameter): Name = "Support Interface"; Value = "I2C；HSPI；UART；I2S"; VariantName = "[No Variations]"
Add component (AddParameter): Name = "Symbol"; Value = "ESP-07S"; VariantName = "[No Variations]"
Add component (AddParameter): Name = "Value"; Value = "2.4GHz"; VariantName = "[No Variations]"
Add component (AddParameter): Name = "Wireless Standard"; Value = "-"; VariantName = "[No Variations]"
Added Pin To Net: NetName=VCC5V Pin=C1-1
Added Pin To Net: NetName=GND Pin=C1-2
Added Pin To Net: NetName=GND Pin=C2-1
Added Pin To Net: NetName=VCC5V Pin=C2-2
Added Pin To Net: NetName=GND Pin=C3-1
Added Pin To Net: NetName=VCC3.3 Pin=C3-2
Added Pin To Net: NetName=VCC3.3 Pin=C4-1
Added Pin To Net: NetName=GND Pin=C4-2
Added Pin To Net: NetName=GND Pin=C5-1
Added Pin To Net: NetName=REST Pin=C5-2
Added Pin To Net: NetName=GND Pin=C6-1
Added Pin To Net: NetName=SET Pin=C6-2
Added Pin To Net: NetName=GND Pin=C7-1
Added Pin To Net: NetName=VCC3.3 Pin=C7-2
Added Pin To Net: NetName=GND Pin=C8-1
Added Pin To Net: NetName=VCC3.3 Pin=C8-2
Added Pin To Net: NetName=GND Pin=CON1-1
Added Pin To Net: NetName=TX Pin=CON1-4
Added Pin To Net: NetName=RX Pin=CON1-5
Added Pin To Net: NetName=VCC5V Pin=CON1-6
Added Pin To Net: NetName=GND Pin=CON1-7
Added Pin To Net: NetName=GND Pin=CON1-8
Added Pin To Net: NetName=GND Pin=J1-1
Added Pin To Net: NetName=REST Pin=J1-2
Added Pin To Net: NetName=GND Pin=J2-1
Added Pin To Net: NetName=SET Pin=J2-2
Added Pin To Net: NetName=GND Pin=J3-1
Added Pin To Net: NetName=TX Pin=J3-2
Added Pin To Net: NetName=RX Pin=J3-3
Added Pin To Net: NetName=BOOT Pin=J3-4
Added Pin To Net: NetName=VCC3.3 Pin=J3-5
Added Pin To Net: NetName=NetLED1_1 Pin=LED1-1
Added Pin To Net: NetName=LED Pin=LED1-2
Added Pin To Net: NetName=REST Pin=R1-1
Added Pin To Net: NetName=VCC3.3 Pin=R1-2
Added Pin To Net: NetName=VCC3.3 Pin=R2-1
Added Pin To Net: NetName=NetR2_2 Pin=R2-2
Added Pin To Net: NetName=SET Pin=R3-1
Added Pin To Net: NetName=VCC3.3 Pin=R3-2
Added Pin To Net: NetName=NetR4_1 Pin=R4-1
Added Pin To Net: NetName=GND Pin=R4-2
Added Pin To Net: NetName=NetLED1_1 Pin=R5-1
Added Pin To Net: NetName=VCC3.3 Pin=R5-2
Added Pin To Net: NetName=GND Pin=U1-1
Added Pin To Net: NetName=VCC5V Pin=U1-3
Added Pin To Net: NetName=VCC3.3 Pin=U1-4
Added Pin To Net: NetName=REST Pin=U2-1
Added Pin To Net: NetName=NetR2_2 Pin=U2-3
Added Pin To Net: NetName=VCC3.3 Pin=U2-8
Added Pin To Net: NetName=GND Pin=U2-9
Added Pin To Net: NetName=NetR4_1 Pin=U2-10
Added Pin To Net: NetName=BOOT Pin=U2-12
Added Pin To Net: NetName=SET Pin=U2-13
Added Pin To Net: NetName=LED Pin=U2-14
Added Pin To Net: NetName=RX Pin=U2-15
Added Pin To Net: NetName=TX Pin=U2-16
Added Pin To Net: NetName=GND Pin=U2-17
Added Member To Class: ClassName=WiFiPassThrogh Member=Component C1 220uF
Added Member To Class: ClassName=WiFiPassThrogh Member=Component C2 100nF
Added Member To Class: ClassName=WiFiPassThrogh Member=Component C3 220uF
Added Member To Class: ClassName=WiFiPassThrogh Member=Component C4 100nF
Added Member To Class: ClassName=WiFiPassThrogh Member=Component C5 1uF
Added Member To Class: ClassName=WiFiPassThrogh Member=Component C6 1uF
Added Member To Class: ClassName=WiFiPassThrogh Member=Component C7 10uF
Added Member To Class: ClassName=WiFiPassThrogh Member=Component C8 0.1uF
Added Member To Class: ClassName=WiFiPassThrogh Member=Component CON1 HC-1.25-6PWT
Added Member To Class: ClassName=WiFiPassThrogh Member=Component J1 Header 2
Added Member To Class: ClassName=WiFiPassThrogh Member=Component J2 Header 2
Added Member To Class: ClassName=WiFiPassThrogh Member=Component J3 PZ254V-11-05P
Added Member To Class: ClassName=WiFiPassThrogh Member=Component LED1 NCD0805R1
Added Member To Class: ClassName=WiFiPassThrogh Member=Component R1 12K
Added Member To Class: ClassName=WiFiPassThrogh Member=Component R2 12K
Added Member To Class: ClassName=WiFiPassThrogh Member=Component R3 12K
Added Member To Class: ClassName=WiFiPassThrogh Member=Component R4 12K
Added Member To Class: ClassName=WiFiPassThrogh Member=Component R5 1K
Added Member To Class: ClassName=WiFiPassThrogh Member=Component U1 AMS1117-3.3
Added Member To Class: ClassName=WiFiPassThrogh Member=Component U2 ESP-07S
