Added Component: Designator=CON1(CONN-SMD_6P-P1.25_HC-1.25-6PWT)
Add component (AddParameter): Name = "Add into BOM"; Value = "yes"; VariantName = "[No Variations]"
Add component (AddParameter): Name = "Contact Material"; Value = "»ÆÍ­"; VariantName = "[No Variations]"
Add component (AddParameter): Name = "Contact Plating"; Value = "Îý"; VariantName = "[No Variations]"
Add component (AddParameter): Name = "Convert to PCB"; Value = "yes"; VariantName = "[No Variations]"
Add component (AddParameter): Name = "Current Rating (Max)"; Value = "2A"; VariantName = "[No Variations]"
Add component (AddParameter): Name = "Datasheet"; Value = "https://atta.szlcsc.com/upload/public/pdf/source/20230707/D26CCCA63A4ED0B68E63A615510D7FF9.pdf"; VariantName = "[No Variations]"
Add component (AddParameter): Name = "Device"; Value = "HC-1.25-6PWT"; VariantName = "[No Variations]"
Add component (AddParameter): Name = "JLCPCB Part Class"; Value = "Extended Part"; VariantName = "[No Variations]"
Add component (AddParameter): Name = "LCSC Part Name"; Value = "1x6P ¼ä¾à:1.25mm ÎÔÌù"; VariantName = "[No Variations]"
Add component (AddParameter): Name = "Manufacturer"; Value = "HCTL(»ª²ÓÌìÂ»)"; VariantName = "[No Variations]"
Add component (AddParameter): Name = "Manufacturer Part"; Value = "HC-1.25-6PWT"; VariantName = "[No Variations]"
Add component (AddParameter): Name = "Mounting Style"; Value = "ÎÔÌù"; VariantName = "[No Variations]"
Add component (AddParameter): Name = "Number of Pins"; Value = "6P"; VariantName = "[No Variations]"
Add component (AddParameter): Name = "Number of PINs Per Row"; Value = "6"; VariantName = "[No Variations]"
Add component (AddParameter): Name = "Number of Rows"; Value = "1"; VariantName = "[No Variations]"
Add component (AddParameter): Name = "Operating Temperature Range"; Value = "-25¡æ~+85¡æ"; VariantName = "[No Variations]"
Add component (AddParameter): Name = "Pins Structure"; Value = "1x6P"; VariantName = "[No Variations]"
Add component (AddParameter): Name = "Pitch"; Value = "1.25mm"; VariantName = "[No Variations]"
Add component (AddParameter): Name = "Reference Series"; Value = "-"; VariantName = "[No Variations]"
Add component (AddParameter): Name = "Row Spacing"; Value = "-"; VariantName = "[No Variations]"
Add component (AddParameter): Name = "Supplier"; Value = "LCSC"; VariantName = "[No Variations]"
Add component (AddParameter): Name = "Supplier Footprint"; Value = "SMD,P=1.25mm,ÎÔÌù"; VariantName = "[No Variations]"
Add component (AddParameter): Name = "Supplier Part"; Value = "C2845383"; VariantName = "[No Variations]"
Add component (AddParameter): Name = "Symbol"; Value = "HC-1.25-6PWT"; VariantName = "[No Variations]"
Added Pin To Net: NetName=GND Pin=CON1-1
Added Pin To Net: NetName=TX Pin=CON1-4
Added Pin To Net: NetName=RX Pin=CON1-5
Added Pin To Net: NetName=VCC5V Pin=CON1-6
Added Pin To Net: NetName=GND Pin=CON1-7
Added Pin To Net: NetName=GND Pin=CON1-8
Added Member To Class: ClassName=WiFiPassThrogh Member=Component CON1 HC-1.25-6PWT
